<?xml version="1.0" encoding="UTF-8"?>
<testsuite xmlns:xsi="http://www.w3.org/2001/XMLSchema-instance" xsi:noNamespaceSchemaLocation="https://maven.apache.org/surefire/maven-surefire-plugin/xsd/surefire-test-report-3.0.xsd" version="3.0" name="com.leecottrell.selenium1.AppTest" time="15.167" tests="1" errors="0" skipped="0" failures="1">
  <properties>
[...]
</properties>
  <testcase name="testPause" classname="com.leecottrell.selenium1.AppTest" time="6.756">
    <failure message="Title is bad expected:&lt;Lee Cot[]rell&gt; but was:&lt;Lee Cot[t]rell&gt;" type="org.junit.ComparisonFailure"><![CDATA[org.junit.ComparisonFailure: Title is bad expected:<Lee Cot[]rell> but was:<Lee Cot[t]rell>
	at com.leecottrell.selenium1.AppTest.testPause(AppTest.java:61)
]]></failure>
    <system-err><![CDATA[SLF4J: Failed to load class "org.slf4j.impl.StaticLoggerBinder".
SLF4J: Defaulting to no-operation (NOP) logger implementation
SLF4J: See http://www.slf4j.org/codes.html#StaticLoggerBinder for further details.
Starting ChromeDriver 2.42.591088 (7b2b2dca23cca0862f674758c9a3933e685c27d5) on port 53476
Only local connections are allowed.
[1636993488.083][WARNING]: Timed out connecting to Chrome, retrying...
Nov 15, 2021 11:24:50 AM org.openqa.selenium.remote.ProtocolHandshake createSession
INFO: Detected dialect: OSS
Nov 15, 2021 11:24:50 AM org.openqa.selenium.devtools.CdpVersionFinder findNearestMatch
INFO: Found exact CDP implementation for version 95
]]></system-err>
  </testcase>
</testsuite>