-------------------------------------------------------------------------------
Test set: com.leecottrell.PhysicsTests
-------------------------------------------------------------------------------
Tests run: 2, Failures: 1, Errors: 0, Skipped: 0, Time elapsed: 0.113 s <<< FAILURE! - in com.leecottrell.PhysicsTests
avgVelocityShouldCalculateCorrectly(com.leecottrell.PhysicsTests)  Time elapsed: 0.011 s  <<< FAILURE!
java.lang.AssertionError: expected:<15.0> but was:<0.0>
	at com.leecottrell.PhysicsTests.avgVelocityShouldCalculateCorrectly(PhysicsTests.java:20)

