<?xml version="1.0" encoding="UTF-8"?>
<testsuite xmlns:xsi="http://www.w3.org/2001/XMLSchema-instance" xsi:noNamespaceSchemaLocation="https://maven.apache.org/surefire/maven-surefire-plugin/xsd/surefire-test-report.xsd" name="com.leecottrell.PhysicsTests" time="0.113" tests="2" errors="0" skipped="0" failures="1">
  <properties>
[...]
</properties>
  <testcase name="avgVelocityShouldCalculateCorrectly" classname="com.leecottrell.PhysicsTests" time="0.011">
    <failure message="expected:&lt;15.0&gt; but was:&lt;0.0&gt;" type="java.lang.AssertionError"><![CDATA[java.lang.AssertionError: expected:<15.0> but was:<0.0>
	at com.leecottrell.PhysicsTests.avgVelocityShouldCalculateCorrectly(PhysicsTests.java:20)
]]></failure>
  </testcase>
  <testcase name="forceShouldCalcCorrectly" classname="com.leecottrell.PhysicsTests" time="0"/>
</testsuite>