<?xml version="1.0" encoding="UTF-8"?>
<testsuite xmlns:xsi="http://www.w3.org/2001/XMLSchema-instance" xsi:noNamespaceSchemaLocation="https://maven.apache.org/surefire/maven-surefire-plugin/xsd/surefire-test-report.xsd" name="com.leecottrell.cardtest.CardTest" time="0.146" tests="2" errors="0" skipped="0" failures="2">
  <properties>
[...]
</properties>
  <testcase name="testingCardEqualsFunction" classname="com.leecottrell.cardtest.CardTest" time="0.009">
    <failure message="expected:&lt;true&gt; but was:&lt;false&gt;" type="java.lang.AssertionError"><![CDATA[java.lang.AssertionError: expected:<true> but was:<false>
	at com.leecottrell.cardtest.CardTest.testingCardEqualsFunction(CardTest.java:62)
]]></failure>
    <system-out><![CDATA[I will run once before all tests
I am running before each test
I am running AFTER each test
]]></system-out>
  </testcase>
  <testcase name="properDeckIsGenerated" classname="com.leecottrell.cardtest.CardTest" time="0.013">
    <failure message="arrays first differed at element [0]; expected:&lt;4&gt; but was:&lt;7&gt;" type="org.junit.internal.ArrayComparisonFailure"><![CDATA[org.junit.internal.ArrayComparisonFailure: arrays first differed at element [0]; expected:<4> but was:<7>
	at com.leecottrell.cardtest.CardTest.properDeckIsGenerated(CardTest.java:76)
]]></failure>
    <system-out><![CDATA[I am running before each test
I am running AFTER each test
]]></system-out>
  </testcase>
</testsuite>